
=== Thu Aug 31 23:33:51 2023

Packages were changed.
Update Mode: resetToDefaultDependencies

The following packages were added:
  com.unity.analytics@3.2.3
  com.unity.purchasing@2.2.1
  com.unity.ads@2.0.8
  com.unity.textmeshpro@1.4.1
  com.unity.package-manager-ui@2.0.13
  com.unity.collab-proxy@1.2.15

=== Fri Sep  1 01:06:31 2023

Packages were changed.
Update Mode: resetToDefaultDependencies

The following packages were added:
  com.unity.analytics@3.2.3
  com.unity.purchasing@2.2.1
  com.unity.ads@2.0.8
  com.unity.package-manager-ui@2.0.13
The following packages were updated:
  com.unity.textmeshpro from version 3.0.6 to 1.4.1
  com.unity.collab-proxy from version 1.15.4 to 1.2.15
The following packages were removed:
  com.unity.ide.rider@2.0.7
  com.unity.ide.visualstudio@2.0.12
  com.unity.ide.vscode@1.2.4
  com.unity.test-framework@1.1.29
  com.unity.timeline@1.4.8
  com.unity.ugui@1.0.0
  com.unity.modules.androidjni@1.0.0
  com.unity.ext.nunit@1.0.6

=== Mon Oct 30 22:02:14 2023

Packages were changed.
Update Mode: updateDependencies

The following packages were added:
  com.unity.2d.sprite@1.0.0
  com.unity.2d.tilemap@1.0.0
  com.unity.ide.rider@3.0.25
  com.unity.ide.visualstudio@2.0.21
  com.unity.modules.androidjni@1.0.0
  com.unity.test-framework@1.3.9
  com.unity.timeline@1.8.2
  com.unity.ugui@1.0.0
  com.unity.xr.legacyinputhelpers@2.1.10
  com.unity.ai.navigation@1.1.5
The following packages were updated:
  com.unity.ads from version 2.0.8 to 4.4.2
  com.unity.analytics from version 3.2.3 to 3.8.1
  com.unity.collab-proxy from version 1.2.15 to 2.2.0
  com.unity.purchasing from version 2.2.1 to 4.9.3
  com.unity.textmeshpro from version 1.4.1 to 3.0.6
The following packages were removed:
  com.unity.package-manager-ui@2.0.13
